Using pre-set license
Built from '2020.3/staging' branch; Version is '2020.3.24f1 (79c78de19888) revision 7980941'; Using compiler version '192528614'; Build Type 'Release'
OS: 'Windows 10  (10.0.19043) 64bit Professional' Language: 'en' Physical Memory: 16320 MB
BatchMode: 1, IsHumanControllingUs: 0, StartBugReporterOnCrash: 0, Is64bit: 1, IsPro: 0

COMMAND LINE ARGUMENTS:
C:\Program Files\Unity\Hub\Editor\2020.3.24f1\Editor\Unity.exe
-adb2
-batchMode
-noUpm
-name
AssetImportWorker0
-projectPath
C:/Users/disckord/Desktop/Snow Globe Decor/Snow Globe Decor
-logFile
Logs/AssetImportWorker0.log
-srvPort
61145
Successfully changed project path to: C:/Users/disckord/Desktop/Snow Globe Decor/Snow Globe Decor
C:/Users/disckord/Desktop/Snow Globe Decor/Snow Globe Decor
Using Asset Import Pipeline V2.
Refreshing native plugins compatible for Editor in 33.63 ms, found 2 plugins.
Preloading 0 native plugins for Editor in 0.00 ms.
Initialize engine version: 2020.3.24f1 (79c78de19888)
[Subsystems] Discovering subsystems at path C:/Program Files/Unity/Hub/Editor/2020.3.24f1/Editor/Data/Resources/UnitySubsystems
[Subsystems] Discovering subsystems at path C:/Users/disckord/Desktop/Snow Globe Decor/Snow Globe Decor/Assets
GfxDevice: creating device client; threaded=0
Direct3D:
    Version:  Direct3D 11.0 [level 11.1]
    Renderer: NVIDIA GeForce GTX 1080 (ID=0x1b80)
    Vendor:   
    VRAM:     8079 MB
    Driver:   27.21.14.6611
Initialize mono
Mono path[0] = 'C:/Program Files/Unity/Hub/Editor/2020.3.24f1/Editor/Data/Managed'
Mono path[1] = 'C:/Program Files/Unity/Hub/Editor/2020.3.24f1/Editor/Data/MonoBleedingEdge/lib/mono/unityjit'
Mono config path = 'C:/Program Files/Unity/Hub/Editor/2020.3.24f1/Editor/Data/MonoBleedingEdge/etc'
Using monoOptions --debugger-agent=transport=dt_socket,embedding=1,server=y,suspend=n,address=127.0.0.1:56464
Begin MonoManager ReloadAssembly
Registering precompiled unity dll's ...
Register platform support module: C:/Program Files/Unity/Hub/Editor/2020.3.24f1/Editor/Data/PlaybackEngines/WindowsStandaloneSupport/UnityEditor.WindowsStandalone.Extensions.dll
Registered in 0.002099 seconds.
Native extension for WindowsStandalone target not found
Refreshing native plugins compatible for Editor in 32.58 ms, found 2 plugins.
Preloading 0 native plugins for Editor in 0.00 ms.
Mono: successfully reloaded assembly
- Completed reload, in  0.614 seconds
Domain Reload Profiling:
	ReloadAssembly (614ms)
		BeginReloadAssembly (59ms)
			ExecutionOrderSort (0ms)
			DisableScriptedObjects (0ms)
			BackupInstance (0ms)
			ReleaseScriptingObjects (0ms)
			CreateAndSetChildDomain (1ms)
		EndReloadAssembly (473ms)
			LoadAssemblies (57ms)
			RebuildTransferFunctionScriptingTraits (0ms)
			SetupTypeCache (160ms)
			ReleaseScriptCaches (0ms)
			RebuildScriptCaches (30ms)
			SetupLoadedEditorAssemblies (173ms)
				LogAssemblyErrors (0ms)
				InitializePlatformSupportModulesInManaged (5ms)
				SetLoadedEditorAssemblies (0ms)
				RefreshPlugins (33ms)
				BeforeProcessingInitializeOnLoad (17ms)
				ProcessInitializeOnLoadAttributes (87ms)
				ProcessInitializeOnLoadMethodAttributes (31ms)
				AfterProcessingInitializeOnLoad (0ms)
				EditorAssembliesLoaded (0ms)
			ExecutionOrderSort2 (0ms)
			AwakeInstancesAfterBackupRestoration (0ms)
Platform modules already initialized, skipping
Registering precompiled user dll's ...
Registered in 0.005614 seconds.
Begin MonoManager ReloadAssembly
Native extension for WindowsStandalone target not found
Refreshing native plugins compatible for Editor in 0.35 ms, found 2 plugins.
Preloading 0 native plugins for Editor in 0.00 ms.
Mono: successfully reloaded assembly
- Completed reload, in  1.083 seconds
Domain Reload Profiling:
	ReloadAssembly (1084ms)
		BeginReloadAssembly (156ms)
			ExecutionOrderSort (0ms)
			DisableScriptedObjects (6ms)
			BackupInstance (0ms)
			ReleaseScriptingObjects (0ms)
			CreateAndSetChildDomain (18ms)
		EndReloadAssembly (859ms)
			LoadAssemblies (94ms)
			RebuildTransferFunctionScriptingTraits (0ms)
			SetupTypeCache (297ms)
			ReleaseScriptCaches (0ms)
			RebuildScriptCaches (43ms)
			SetupLoadedEditorAssemblies (326ms)
				LogAssemblyErrors (0ms)
				InitializePlatformSupportModulesInManaged (5ms)
				SetLoadedEditorAssemblies (1ms)
				RefreshPlugins (0ms)
				BeforeProcessingInitializeOnLoad (83ms)
				ProcessInitializeOnLoadAttributes (220ms)
				ProcessInitializeOnLoadMethodAttributes (10ms)
				AfterProcessingInitializeOnLoad (7ms)
				EditorAssembliesLoaded (0ms)
			ExecutionOrderSort2 (0ms)
			AwakeInstancesAfterBackupRestoration (7ms)
Platform modules already initialized, skipping
========================================================================
Worker process is ready to serve import requests
Launched and connected shader compiler UnityShaderCompiler.exe after 0.05 seconds
Refreshing native plugins compatible for Editor in 0.38 ms, found 2 plugins.
Preloading 0 native plugins for Editor in 0.00 ms.
Unloading 1500 Unused Serialized files (Serialized files now loaded: 0)
System memory in use before: 67.4 MB.
System memory in use after: 67.5 MB.

Unloading 19 unused Assets to reduce memory usage. Loaded Objects now: 1932.
Total: 3.072700 ms (FindLiveObjects: 0.182100 ms CreateObjectMapping: 0.036100 ms MarkObjects: 2.750900 ms  DeleteObjects: 0.101800 ms)

AssetImportParameters requested are different than current active one (requested -> active):
  custom:framework-win-MediaFoundation: 216162199b28c13a410421893ffa2e32 -> 
  custom:video-decoder-ogg-theora: a1e56fd34408186e4bbccfd4996cb3dc -> 
  custom:container-muxer-webm: aa71ff27fc2769a1b78a27578f13a17b -> 
  custom:container-demuxer-webm: 4f35f7cbe854078d1ac9338744f61a02 -> 
  custom:container-demuxer-ogg: 62fdf1f143b41e24485cea50d1cbac27 -> 
  custom:video-encoder-webm-vp8: eb34c28f22e8b96e1ab97ce403110664 -> 
  custom:video-decoder-webm-vp8: 9c59270c3fd7afecdb556c50c9e8de78 -> 
  custom:audio-decoder-ogg-vorbis: bf7c407c2cedff20999df2af8eb42d56 -> 
  custom:audio-encoder-webm-vorbis: bf7c407c2cedff20999df2af8eb42d56 -> 
========================================================================
Received Import Request.
  path: Assets/Material
  artifactKey: Guid(893a82ccbf2cd9646904edca952e042e) Importer(815301076,1909f56bfc062723c751e8b465ee728b)
Start importing Assets/Material using Guid(893a82ccbf2cd9646904edca952e042e) Importer(815301076,1909f56bfc062723c751e8b465ee728b)  -> (artifact id: '2e5cb7fdf345648d3dc6379d65587545') in 0.011754 seconds 
  Import took 0.014262 seconds .

========================================================================
Received Import Request.
  Time since last request: 4.898757 seconds.
  path: Assets/Materials
  artifactKey: Guid(893a82ccbf2cd9646904edca952e042e) Importer(815301076,1909f56bfc062723c751e8b465ee728b)
Start importing Assets/Materials using Guid(893a82ccbf2cd9646904edca952e042e) Importer(815301076,1909f56bfc062723c751e8b465ee728b)  -> (artifact id: '7ed6a71436f349fda78ec5392916397d') in 0.008495 seconds 
  Import took 0.010925 seconds .

========================================================================
Received Import Request.
  Time since last request: 3.018116 seconds.
  path: Assets
  artifactKey: Guid(00000000000000001000000000000000) Importer(815301076,1909f56bfc062723c751e8b465ee728b)
Start importing Assets using Guid(00000000000000001000000000000000) Importer(815301076,1909f56bfc062723c751e8b465ee728b)  -> (artifact id: '42d402b061de3733987d63b9cc3b64de') in 0.008889 seconds 
  Import took 0.011351 seconds .

========================================================================
Received Import Request.
  Time since last request: 5.129909 seconds.
  path: Assets/Textures
  artifactKey: Guid(be866ca84dce3394e8e4057b3c3e95b7) Importer(815301076,1909f56bfc062723c751e8b465ee728b)
Start importing Assets/Textures using Guid(be866ca84dce3394e8e4057b3c3e95b7) Importer(815301076,1909f56bfc062723c751e8b465ee728b)  -> (artifact id: '0110161a20e44b55bb4ecde97fef0b25') in 0.008075 seconds 
  Import took 0.010482 seconds .

========================================================================
Received Import Request.
  Time since last request: 4.623567 seconds.
  path: Assets/Prefabs
  artifactKey: Guid(38ff9a2c470b3fc42930aa8c5fe2e286) Importer(815301076,1909f56bfc062723c751e8b465ee728b)
Start importing Assets/Prefabs using Guid(38ff9a2c470b3fc42930aa8c5fe2e286) Importer(815301076,1909f56bfc062723c751e8b465ee728b)  -> (artifact id: '98a3e3e93f1b9db3ac91bfad27dbd54a') in 0.007247 seconds 
  Import took 0.009681 seconds .

========================================================================
Received Import Request.
  Time since last request: 4.229489 seconds.
  path: Assets/Scripts
  artifactKey: Guid(22836eac4cacea8468cc5ce6ad978ed8) Importer(815301076,1909f56bfc062723c751e8b465ee728b)
Start importing Assets/Scripts using Guid(22836eac4cacea8468cc5ce6ad978ed8) Importer(815301076,1909f56bfc062723c751e8b465ee728b)  -> (artifact id: '784173b5c9a6721db017d5c4bfa17bc0') in 0.007085 seconds 
  Import took 0.009490 seconds .

========================================================================
Received Import Request.
  Time since last request: 227.732728 seconds.
  path: Assets/pineForset_MayoGames_free
  artifactKey: Guid(f603fc1bdb5329643b094096abbdf225) Importer(815301076,1909f56bfc062723c751e8b465ee728b)
Start importing Assets/pineForset_MayoGames_free using Guid(f603fc1bdb5329643b094096abbdf225) Importer(815301076,1909f56bfc062723c751e8b465ee728b)  -> (artifact id: '99d857de4f206d81119c10002ee0beaf') in 0.007197 seconds 
  Import took 0.009770 seconds .

========================================================================
Received Import Request.
  Time since last request: 8.102486 seconds.
  path: Assets/Free Assets
  artifactKey: Guid(d7a6748b804db804c84315c70f504edf) Importer(815301076,1909f56bfc062723c751e8b465ee728b)
Start importing Assets/Free Assets using Guid(d7a6748b804db804c84315c70f504edf) Importer(815301076,1909f56bfc062723c751e8b465ee728b)  -> (artifact id: '62d3b468c4eee5b0595a687ecf0d6765') in 0.006663 seconds 
  Import took 0.009043 seconds .

========================================================================
Received Import Request.
  Time since last request: 26.917010 seconds.
  path: Assets/Free Assets/pineForset_MayoGames_free/import/furTree_lod1.fbx
  artifactKey: Guid(73006a33b193bc94d819ec8b25b1c42e) Importer(815301076,1909f56bfc062723c751e8b465ee728b)
Start importing Assets/Free Assets/pineForset_MayoGames_free/import/furTree_lod1.fbx using Guid(73006a33b193bc94d819ec8b25b1c42e) Importer(815301076,1909f56bfc062723c751e8b465ee728b)  -> (artifact id: '941b9d101b52f8c02e40c960b529512d') in 0.149076 seconds 
  Import took 0.151640 seconds .

========================================================================
Received Import Request.
  Time since last request: 0.773304 seconds.
  path: Assets/Free Assets/pineForset_MayoGames_free/import/furTree_lod0.fbx
  artifactKey: Guid(130c2eedcd9d2594dabf963f668b6e36) Importer(815301076,1909f56bfc062723c751e8b465ee728b)
Start importing Assets/Free Assets/pineForset_MayoGames_free/import/furTree_lod0.fbx using Guid(130c2eedcd9d2594dabf963f668b6e36) Importer(815301076,1909f56bfc062723c751e8b465ee728b)  -> (artifact id: '50098d09bb9a4c48b93ea99755c966f3') in 0.023598 seconds 
  Import took 0.026180 seconds .

========================================================================
Received Import Request.
  Time since last request: 180.827018 seconds.
  path: Assets/Free Assets/pineForset_MayoGames_free/textures/earth_moss.png
  artifactKey: Guid(eac9beae8a1a72b499d8787d60775222) Importer(815301076,1909f56bfc062723c751e8b465ee728b)
Start importing Assets/Free Assets/pineForset_MayoGames_free/textures/earth_moss.png using Guid(eac9beae8a1a72b499d8787d60775222) Importer(815301076,1909f56bfc062723c751e8b465ee728b)  -> (artifact id: 'f13cbc8537ac6d77f47c83ecaaf547ea') in 0.034140 seconds 
  Import took 0.036825 seconds .

========================================================================
Received Import Request.
  Time since last request: 2.813248 seconds.
  path: Assets/Free Assets/pineForset_MayoGames_free/textures/paprotnik.png
  artifactKey: Guid(2d25e008c9cd9d74ebbe57afc5995ab7) Importer(815301076,1909f56bfc062723c751e8b465ee728b)
Start importing Assets/Free Assets/pineForset_MayoGames_free/textures/paprotnik.png using Guid(2d25e008c9cd9d74ebbe57afc5995ab7) Importer(815301076,1909f56bfc062723c751e8b465ee728b)  -> (artifact id: '311a660a8a32af1e884ba8b6823397e9') in 0.014383 seconds 
  Import took 0.017054 seconds .

========================================================================
Received Import Request.
  Time since last request: 6.826052 seconds.
  path: Assets/Free Assets/pineForset_MayoGames_free/textures/mish_fur-tree_branches_.png
  artifactKey: Guid(5a3cc24e03a7a7c4d9405f1ee7cdc906) Importer(815301076,1909f56bfc062723c751e8b465ee728b)
Start importing Assets/Free Assets/pineForset_MayoGames_free/textures/mish_fur-tree_branches_.png using Guid(5a3cc24e03a7a7c4d9405f1ee7cdc906) Importer(815301076,1909f56bfc062723c751e8b465ee728b)  -> (artifact id: 'f742c4bf9bfd0e2b6352bf80823cf91a') in 0.013445 seconds 
  Import took 0.016040 seconds .

========================================================================
Received Import Request.
  Time since last request: 104.247047 seconds.
  path: Assets/Free Assets/pineForset_MayoGames_free/prefabs/furTree.prefab
  artifactKey: Guid(af4cb9fbbb9b1c942b1f28720f064f11) Importer(815301076,1909f56bfc062723c751e8b465ee728b)
Start importing Assets/Free Assets/pineForset_MayoGames_free/prefabs/furTree.prefab using Guid(af4cb9fbbb9b1c942b1f28720f064f11) Importer(815301076,1909f56bfc062723c751e8b465ee728b)  -> (artifact id: '21d8e83f53f4e496753c5d0d24d968ce') in 0.040457 seconds 
  Import took 0.043175 seconds .

========================================================================
Received Import Request.
  Time since last request: 2.563326 seconds.
  path: Assets/Free Assets/pineForset_MayoGames_free/prefabs/furTree_dead.prefab
  artifactKey: Guid(1b7627dffc7553e46a2a7beae08c7ee0) Importer(815301076,1909f56bfc062723c751e8b465ee728b)
Start importing Assets/Free Assets/pineForset_MayoGames_free/prefabs/furTree_dead.prefab using Guid(1b7627dffc7553e46a2a7beae08c7ee0) Importer(815301076,1909f56bfc062723c751e8b465ee728b)  -> (artifact id: '57050722b120ba44512562d7c877dd80') in 0.018625 seconds 
  Import took 0.021314 seconds .

========================================================================
Received Import Request.
  Time since last request: 1.790688 seconds.
  path: Assets/Free Assets/pineForset_MayoGames_free/prefabs/furTreeSmall.prefab
  artifactKey: Guid(9cf2f15ac41f9e94d973661ded60cf14) Importer(815301076,1909f56bfc062723c751e8b465ee728b)
Start importing Assets/Free Assets/pineForset_MayoGames_free/prefabs/furTreeSmall.prefab using Guid(9cf2f15ac41f9e94d973661ded60cf14) Importer(815301076,1909f56bfc062723c751e8b465ee728b)  -> (artifact id: '866d39c96da4ae09b0febd058e7d8a58') in 0.017060 seconds 
  Import took 0.019718 seconds .

========================================================================
Received Import Request.
  Time since last request: 4.296754 seconds.
  path: Assets/Free Assets/pineForset_MayoGames_free/import/furTreeSmall_lod0.fbx
  artifactKey: Guid(fef4a39e5fb019d46b146ed639b4bca3) Importer(815301076,1909f56bfc062723c751e8b465ee728b)
Start importing Assets/Free Assets/pineForset_MayoGames_free/import/furTreeSmall_lod0.fbx using Guid(fef4a39e5fb019d46b146ed639b4bca3) Importer(815301076,1909f56bfc062723c751e8b465ee728b)  -> (artifact id: '64c7272804c5fcb07f4321cb93ec1af1') in 0.028668 seconds 
  Import took 0.031372 seconds .

========================================================================
Received Import Request.
  Time since last request: 0.300043 seconds.
  path: Assets/Free Assets/pineForset_MayoGames_free/import/furTreeSmall_lod1.fbx
  artifactKey: Guid(057f83f8f3f18ce4382e2844af65666f) Importer(815301076,1909f56bfc062723c751e8b465ee728b)
Start importing Assets/Free Assets/pineForset_MayoGames_free/import/furTreeSmall_lod1.fbx using Guid(057f83f8f3f18ce4382e2844af65666f) Importer(815301076,1909f56bfc062723c751e8b465ee728b)  -> (artifact id: 'c53ff46da12092b6ee207733310c201e') in 0.025383 seconds 
  Import took 0.028011 seconds .

========================================================================
Received Import Request.
  Time since last request: 3.390715 seconds.
  path: Assets/Free Assets/pineForset_MayoGames_free/prefabs/rock_1.prefab
  artifactKey: Guid(1fc1058ebb6b4994cb51e89ac5febdb8) Importer(815301076,1909f56bfc062723c751e8b465ee728b)
Start importing Assets/Free Assets/pineForset_MayoGames_free/prefabs/rock_1.prefab using Guid(1fc1058ebb6b4994cb51e89ac5febdb8) Importer(815301076,1909f56bfc062723c751e8b465ee728b)  -> (artifact id: 'b59a0d6251220c8c81fe750c724b0565') in 0.013639 seconds 
  Import took 0.016268 seconds .

========================================================================
Received Import Request.
  Time since last request: 3.159799 seconds.
  path: Assets/Free Assets/pineForset_MayoGames_free/prefabs/fern.prefab
  artifactKey: Guid(fceae4586dcff3c498a099880ca6d832) Importer(815301076,1909f56bfc062723c751e8b465ee728b)
Start importing Assets/Free Assets/pineForset_MayoGames_free/prefabs/fern.prefab using Guid(fceae4586dcff3c498a099880ca6d832) Importer(815301076,1909f56bfc062723c751e8b465ee728b)  -> (artifact id: '3b2239d406e778553c77b2379cfca722') in 0.013565 seconds 
  Import took 0.016215 seconds .

========================================================================
Received Import Request.
  Time since last request: 0.646733 seconds.
  path: Assets/Free Assets/pineForset_MayoGames_free/prefabs/brunch_3.prefab
  artifactKey: Guid(0716110bd929f4648a9bd82751c5fe56) Importer(815301076,1909f56bfc062723c751e8b465ee728b)
Start importing Assets/Free Assets/pineForset_MayoGames_free/prefabs/brunch_3.prefab using Guid(0716110bd929f4648a9bd82751c5fe56) Importer(815301076,1909f56bfc062723c751e8b465ee728b)  -> (artifact id: 'a867c8f517b28c5ce727c79813129ba9') in 0.012800 seconds 
  Import took 0.015466 seconds .

========================================================================
Received Import Request.
  Time since last request: 0.792151 seconds.
  path: Assets/Free Assets/pineForset_MayoGames_free/prefabs/brunch_2.prefab
  artifactKey: Guid(a19ac34e169c8f741a43f036719d5d03) Importer(815301076,1909f56bfc062723c751e8b465ee728b)
Start importing Assets/Free Assets/pineForset_MayoGames_free/prefabs/brunch_2.prefab using Guid(a19ac34e169c8f741a43f036719d5d03) Importer(815301076,1909f56bfc062723c751e8b465ee728b)  -> (artifact id: '0ada8cf8772c6d8931af3b7b71b3c85a') in 0.014852 seconds 
  Import took 0.017443 seconds .

========================================================================
Received Import Request.
  Time since last request: 0.518750 seconds.
  path: Assets/Free Assets/pineForset_MayoGames_free/prefabs/brunch_1.prefab
  artifactKey: Guid(b2b9bf23afe7a674785a7e1f3152251d) Importer(815301076,1909f56bfc062723c751e8b465ee728b)
Start importing Assets/Free Assets/pineForset_MayoGames_free/prefabs/brunch_1.prefab using Guid(b2b9bf23afe7a674785a7e1f3152251d) Importer(815301076,1909f56bfc062723c751e8b465ee728b)  -> (artifact id: '14d4e46d0185173404e8490a582dc351') in 0.013416 seconds 
  Import took 0.016016 seconds .

========================================================================
Received Import Request.
  Time since last request: 110.115345 seconds.
  path: Assets/Free Assets/pineForset_MayoGames_free/textures/mish_fur_tree_lambert1_AlbedoTransparency.png
  artifactKey: Guid(f67eaec7c73a1db41a7632df6f8120e2) Importer(815301076,1909f56bfc062723c751e8b465ee728b)
Start importing Assets/Free Assets/pineForset_MayoGames_free/textures/mish_fur_tree_lambert1_AlbedoTransparency.png using Guid(f67eaec7c73a1db41a7632df6f8120e2) Importer(815301076,1909f56bfc062723c751e8b465ee728b)  -> (artifact id: '992be2656c3e10651a0e9c94324bfb8a') in 0.015171 seconds 
  Import took 0.017775 seconds .

========================================================================
Received Import Request.
  Time since last request: 132.144586 seconds.
  path: Assets/Free Assets/pineForset_MayoGames_free/textures/mish_rock_1_lambert1_AlbedoTransparency.png
  artifactKey: Guid(10a87c31291d41246a78ae65ebac3256) Importer(815301076,1909f56bfc062723c751e8b465ee728b)
Start importing Assets/Free Assets/pineForset_MayoGames_free/textures/mish_rock_1_lambert1_AlbedoTransparency.png using Guid(10a87c31291d41246a78ae65ebac3256) Importer(815301076,1909f56bfc062723c751e8b465ee728b)  -> (artifact id: 'e6132f7ec73254fcb0aeb759dc82a2be') in 0.016315 seconds 
  Import took 0.019011 seconds .

========================================================================
Received Import Request.
  Time since last request: 87.231396 seconds.
  path: Assets/Free Assets/pineForset_MayoGames_free/textures/mish_fur_tree_small_lambert1_AlbedoTransparency.png
  artifactKey: Guid(15bafbc720f06244480a070771687a30) Importer(815301076,1909f56bfc062723c751e8b465ee728b)
Start importing Assets/Free Assets/pineForset_MayoGames_free/textures/mish_fur_tree_small_lambert1_AlbedoTransparency.png using Guid(15bafbc720f06244480a070771687a30) Importer(815301076,1909f56bfc062723c751e8b465ee728b)  -> (artifact id: 'f47c8f0846050dd9f806b92182965c79') in 0.015379 seconds 
  Import took 0.017987 seconds .

========================================================================
Received Import Request.
  Time since last request: 1100.716559 seconds.
  path: Assets/Free Assets/Standard Assets
  artifactKey: Guid(813df2b8525349641948d9a63f052e54) Importer(815301076,1909f56bfc062723c751e8b465ee728b)
Start importing Assets/Free Assets/Standard Assets using Guid(813df2b8525349641948d9a63f052e54) Importer(815301076,1909f56bfc062723c751e8b465ee728b)  -> (artifact id: '385521978be432eccdd74cc331a4025d') in 0.007637 seconds 
  Import took 0.010263 seconds .

========================================================================
Received Import Request.
  Time since last request: 3.484464 seconds.
  path: Assets/Free Assets/Suburban Structure Kit
  artifactKey: Guid(c76bd69d35d334948a50e9066371b5c7) Importer(815301076,1909f56bfc062723c751e8b465ee728b)
Start importing Assets/Free Assets/Suburban Structure Kit using Guid(c76bd69d35d334948a50e9066371b5c7) Importer(815301076,1909f56bfc062723c751e8b465ee728b)  -> (artifact id: '2fb04ca36a459062e75e382ddd6e5c46') in 0.006852 seconds 
  Import took 0.009333 seconds .

========================================================================
Received Import Request.
  Time since last request: 29.139028 seconds.
  path: Assets/Free Assets/Suburban Structure Kit/Prefabs
  artifactKey: Guid(58ec48e09caf11f40927cb4dfad7561b) Importer(815301076,1909f56bfc062723c751e8b465ee728b)
Start importing Assets/Free Assets/Suburban Structure Kit/Prefabs using Guid(58ec48e09caf11f40927cb4dfad7561b) Importer(815301076,1909f56bfc062723c751e8b465ee728b)  -> (artifact id: '858319228886e8d5e26ab9d282f4c8df') in 0.006371 seconds 
  Import took 0.008909 seconds .

========================================================================
Received Import Request.
  Time since last request: 4.075963 seconds.
  path: Assets/Free Assets/Suburban Structure Kit/Prefabs/FullPrefabs/SuburbanHouseVer1.prefab
  artifactKey: Guid(d18575db84348924490b1cafa3686243) Importer(815301076,1909f56bfc062723c751e8b465ee728b)
Start importing Assets/Free Assets/Suburban Structure Kit/Prefabs/FullPrefabs/SuburbanHouseVer1.prefab using Guid(d18575db84348924490b1cafa3686243) Importer(815301076,1909f56bfc062723c751e8b465ee728b)  -> (artifact id: '51ffbefd4d0caea28295cd161c7d6c9a') in 0.901112 seconds 
  Import took 0.916280 seconds .

========================================================================
Received Import Request.
  Time since last request: 2.442032 seconds.
  path: Assets/Free Assets/Suburban Structure Kit/Prefabs/FullPrefabs/SuburbanHouseVer3A.prefab
  artifactKey: Guid(914761b82962bf0468c45833469bb498) Importer(815301076,1909f56bfc062723c751e8b465ee728b)
Start importing Assets/Free Assets/Suburban Structure Kit/Prefabs/FullPrefabs/SuburbanHouseVer3A.prefab using Guid(914761b82962bf0468c45833469bb498) Importer(815301076,1909f56bfc062723c751e8b465ee728b)  -> (artifact id: '704113f95603671da8a4c5ee21077a40') in 0.138952 seconds 
  Import took 0.151117 seconds .

========================================================================
Received Import Request.
  Time since last request: 0.894317 seconds.
  path: Assets/Free Assets/Suburban Structure Kit/Prefabs/FullPrefabs/SuburbanHouseVer2.prefab
  artifactKey: Guid(fe44196c5e4e1444db4df3069ca7c43e) Importer(815301076,1909f56bfc062723c751e8b465ee728b)
Start importing Assets/Free Assets/Suburban Structure Kit/Prefabs/FullPrefabs/SuburbanHouseVer2.prefab using Guid(fe44196c5e4e1444db4df3069ca7c43e) Importer(815301076,1909f56bfc062723c751e8b465ee728b)  -> (artifact id: 'd6a8514603817bfe6ac2773c4697f228') in 0.174168 seconds 
  Import took 0.191015 seconds .

========================================================================
Received Import Request.
  Time since last request: 4.010352 seconds.
  path: Assets/Free Assets/Suburban Structure Kit/Prefabs/FullPrefabs/SuburbanHouseVer3B.prefab
  artifactKey: Guid(e57a10b1c9016b742a3084e52be77b80) Importer(815301076,1909f56bfc062723c751e8b465ee728b)
Start importing Assets/Free Assets/Suburban Structure Kit/Prefabs/FullPrefabs/SuburbanHouseVer3B.prefab using Guid(e57a10b1c9016b742a3084e52be77b80) Importer(815301076,1909f56bfc062723c751e8b465ee728b)  -> (artifact id: 'b05e9c44df8c21edff50a897055b50b9') in 0.111803 seconds 
  Import took 0.123645 seconds .

AssetImportWorkerClient::OnTransportError - code=2 error=End of file
